C:\Program Files (x86)\MSBuild\Microsoft.Cpp\v4.0\V140\Microsoft.CppBuild.targets(368,5): warning MSB8004: Output Directory does not end with a trailing slash.  This build instance will add the slash as it is required to allow proper evaluation of the Output Directory.
  Main.cpp
c:\users\alumno-j\desktop\opengl_isil_student\sesion5_matrix\src\main.cpp(159): warning C4244: 'inicializando': conversión de 'double' a 'float'; posible pérdida de datos
c:\users\alumno-j\desktop\opengl_isil_student\sesion5_matrix\src\main.cpp(160): warning C4244: '=': conversión de 'double' a 'float'; posible pérdida de datos
  GLUtils.cpp
c:\users\alumno-j\desktop\opengl_isil_student\sesion5_matrix\src\glutils.cpp(25): warning C4996: 'fopen': This function or variable may be unsafe. Consider using fopen_s instead. To disable deprecation, use _CRT_SECURE_NO_WARNINGS. See online help for details.
  c:\program files (x86)\windows kits\10\include\10.0.10240.0\ucrt\stdio.h(205): note: vea la declaración de 'fopen'
c:\users\alumno-j\desktop\opengl_isil_student\sesion5_matrix\src\glutils.cpp(35): warning C4996: 'ctime': This function or variable may be unsafe. Consider using ctime_s instead. To disable deprecation, use _CRT_SECURE_NO_WARNINGS. See online help for details.
  c:\program files (x86)\windows kits\10\include\10.0.10240.0\ucrt\time.h(475): note: vea la declaración de 'ctime'
c:\users\alumno-j\desktop\opengl_isil_student\sesion5_matrix\src\glutils.cpp(43): warning C4996: 'fopen': This function or variable may be unsafe. Consider using fopen_s instead. To disable deprecation, use _CRT_SECURE_NO_WARNINGS. See online help for details.
  c:\program files (x86)\windows kits\10\include\10.0.10240.0\ucrt\stdio.h(205): note: vea la declaración de 'fopen'
c:\users\alumno-j\desktop\opengl_isil_student\sesion5_matrix\src\glutils.cpp(62): warning C4996: 'fopen': This function or variable may be unsafe. Consider using fopen_s instead. To disable deprecation, use _CRT_SECURE_NO_WARNINGS. See online help for details.
  c:\program files (x86)\windows kits\10\include\10.0.10240.0\ucrt\stdio.h(205): note: vea la declaración de 'fopen'
c:\users\alumno-j\desktop\opengl_isil_student\sesion5_matrix\src\glutils.cpp(175): warning C4996: 'sprintf': This function or variable may be unsafe. Consider using sprintf_s instead. To disable deprecation, use _CRT_SECURE_NO_WARNINGS. See online help for details.
  c:\program files (x86)\windows kits\10\include\10.0.10240.0\ucrt\stdio.h(1769): note: vea la declaración de 'sprintf'
c:\users\alumno-j\desktop\opengl_isil_student\sesion5_matrix\src\glutils.cpp(186): warning C4996: 'fopen': This function or variable may be unsafe. Consider using fopen_s instead. To disable deprecation, use _CRT_SECURE_NO_WARNINGS. See online help for details.
  c:\program files (x86)\windows kits\10\include\10.0.10240.0\ucrt\stdio.h(205): note: vea la declaración de 'fopen'
c:\users\alumno-j\desktop\opengl_isil_student\sesion5_matrix\src\glutils.cpp(386): warning C4996: 'sprintf': This function or variable may be unsafe. Consider using sprintf_s instead. To disable deprecation, use _CRT_SECURE_NO_WARNINGS. See online help for details.
  c:\program files (x86)\windows kits\10\include\10.0.10240.0\ucrt\stdio.h(1769): note: vea la declaración de 'sprintf'
c:\users\alumno-j\desktop\opengl_isil_student\sesion5_matrix\src\glutils.cpp(415): warning C4996: 'sprintf': This function or variable may be unsafe. Consider using sprintf_s instead. To disable deprecation, use _CRT_SECURE_NO_WARNINGS. See online help for details.
  c:\program files (x86)\windows kits\10\include\10.0.10240.0\ucrt\stdio.h(1769): note: vea la declaración de 'sprintf'
  Generando código...
LINK : warning LNK4098: la biblioteca predeterminada'LIBCMT' entra en conflicto con otras bibliotecas; use la biblioteca /NODEFAULTLIB:biblioteca
LINK : warning LNK4098: la biblioteca predeterminada'MSVCRT' entra en conflicto con otras bibliotecas; use la biblioteca /NODEFAULTLIB:biblioteca
glew32s.lib(glew.obj) : warning LNK4099: no se encontró PDB 'vc120.pdb' con 'glew32s.lib(glew.obj)' o en 'C:\Users\Alumno-J\Desktop\OpenGL_ISIL_Student\Sesion5_Matrix\bin\vc120.pdb'; se vinculará el objeto sin tener en cuenta información de depuración
  Sesion5_Matrix.vcxproj -> C:\Users\Alumno-J\Desktop\OpenGL_ISIL_Student\Sesion5_Matrix\bin\Sesion5_Matrix.exe
